<?xml version="1.0" encoding="UTF-8"?>
<TestRun id="2579d2b2-3464-4c9d-9562-9c6c13a087ea" name="Gerry@EREBUS 2012-07-28 00:04:36" runUser="EREBUS\Gerry" xmlns="http://microsoft.com/schemas/VisualStudio/TeamTest/2010">
  <TestSettings name="Local" id="6af298e4-b41d-49b1-affd-d827480eb552">
    <Description>These are default test settings for a local test run.</Description>
    <Deployment enabled="false" runDeploymentRoot="Gerry_EREBUS 2012-07-28 00_04_36">
      <DeploymentItem filename="C:\Users\Gerry\Documents\GitHub\EF_Project\RateMyAmenity2\RateMyAmenity\packages\Newtonsoft.Json.4.5.1\lib\net40\Newtonsoft.Json.dll" />
      <DeploymentItem filename="C:\Program Files\Microsoft ASP.NET\ASP.NET MVC 4\Assemblies\System.Net.Http.WebRequest.dll" />
      <DeploymentItem filename="C:\Users\Gerry\Documents\GitHub\EF_Project\RateMyAmenity2\RateMyAmenity\packages\WebGrease.1.0.0\lib\WebGrease.dll" />
      <DeploymentItem filename="C:\Program Files\Microsoft ASP.NET\ASP.NET MVC 4\Assemblies\System.Web.Http.WebHost.dll" />
      <DeploymentItem filename="C:\Program Files\Microsoft ASP.NET\ASP.NET MVC 4\Assemblies\System.Net.Http.Formatting.dll" />
      <DeploymentItem filename="C:\Program Files\Microsoft ASP.NET\ASP.NET Web Pages\v2.0\Assemblies\System.Web.WebPages.Deployment.dll" />
      <DeploymentItem filename="C:\Program Files\Microsoft ASP.NET\ASP.NET MVC 4\Assemblies\System.Net.Http.dll" />
      <DeploymentItem filename="C:\Program Files\Microsoft ASP.NET\ASP.NET Web Pages\v2.0\Assemblies\System.Web.Razor.dll" />
      <DeploymentItem filename="C:\Program Files\Microsoft ASP.NET\ASP.NET Web Pages\v2.0\Assemblies\System.Web.WebPages.dll" />
      <DeploymentItem filename="C:\Users\Gerry\Documents\GitHub\EF_Project\RateMyAmenity2\RateMyAmenity\packages\EntityFramework.5.0.0-rc\lib\net40\EntityFramework.dll" />
      <DeploymentItem filename="C:\Users\Gerry\Documents\GitHub\EF_Project\RateMyAmenity2\RateMyAmenity\RateMyAmenity\bin\RateMyAmenity.dll" />
      <DeploymentItem filename="C:\Users\Gerry\Documents\GitHub\EF_Project\RateMyAmenity2\RateMyAmenity\packages\Microsoft.AspNet.Providers.Core.1.0\lib\net40\System.Web.Providers.dll" />
      <DeploymentItem filename="C:\Program Files\Microsoft ASP.NET\ASP.NET Web Pages\v2.0\Assemblies\System.Web.Helpers.dll" />
      <DeploymentItem filename="C:\Users\Gerry\Documents\GitHub\EF_Project\RateMyAmenity2\RateMyAmenity\packages\WebGrease.1.0.0\lib\Antlr3.Runtime.dll" />
      <DeploymentItem filename="C:\Program Files\Microsoft ASP.NET\ASP.NET Web Pages\v2.0\Assemblies\Microsoft.Web.Infrastructure.dll" />
      <DeploymentItem filename="C:\Program Files\Microsoft ASP.NET\ASP.NET Web Pages\v2.0\Assemblies\System.Web.WebPages.Razor.dll" />
      <DeploymentItem filename="C:\Program Files\Microsoft ASP.NET\ASP.NET MVC 4\Assemblies\System.Web.Http.dll" />
      <DeploymentItem filename="C:\Users\Gerry\Documents\GitHub\EF_Project\RateMyAmenity2\RateMyAmenity\packages\Microsoft.AspNet.Web.Optimization.1.0.0-beta2\lib\net40\System.Web.Optimization.dll" />
      <DeploymentItem filename="C:\Program Files\Microsoft ASP.NET\ASP.NET MVC 4\Assemblies\System.Web.Mvc.dll" />
    </Deployment>
    <Execution>
      <TestTypeSpecific />
      <AgentRule name="Execution Agents">
      </AgentRule>
    </Execution>
  </TestSettings>
  <Times creation="2012-07-28T00:04:36.2580457+01:00" queuing="2012-07-28T00:04:36.6168463+01:00" start="2012-07-28T00:04:36.7104465+01:00" finish="2012-07-28T00:04:39.2844510+01:00" />
  <ResultSummary outcome="Failed">
    <Counters total="6" executed="6" passed="2" error="0" failed="4" timeout="0" aborted="0" inconclusive="0" passedButRunAborted="0" notRunnable="0" notExecuted="0" disconnected="0" warning="0" completed="0" inProgress="0" pending="0" />
    <RunInfos>
      <RunInfo computerName="EREBUS" outcome="Warning" timestamp="2012-07-28T00:04:39.4404513+01:00">
        <Text>Could not obtain result files from 'C:\Users\Gerry\Documents\GitHub\EF_Project\RateMyAmenity2\RateMyAmenity\TestResults\Gerry_EREBUS 2012-07-28 00_04_36\In'.</Text>
        <Exception>System.UnauthorizedAccessException: Access to the path 'C:\Users\Gerry\Documents\GitHub\EF_Project\RateMyAmenity2\RateMyAmenity\TestResults\Gerry_EREBUS 2012-07-28 00_04_36\In\' is denied.
   at System.IO.__Error.WinIOError(Int32 errorCode, String maybeFullPath)
   at System.IO.FileSystemEnumerableIterator`1.CommonInit()
   at System.IO.FileSystemEnumerableIterator`1..ctor(String path, String originalUserPath, String searchPattern, SearchOption searchOption, SearchResultHandler`1 resultHandler)
   at System.IO.Directory.InternalGetFileDirectoryNames(String path, String userPathOriginal, String searchPattern, Boolean includeFiles, Boolean includeDirs, SearchOption searchOption)
   at System.IO.Directory.GetFileSystemEntries(String path)
   at Microsoft.VisualStudio.TestTools.Common.DirectoryTree.get_IsEmpty()
   at Microsoft.VisualStudio.TestTools.TestManagement.Tmi.UpdateTestRunAndTestCaseResults(TestRun testRun)</Exception>
      </RunInfo>
    </RunInfos>
  </ResultSummary>
  <TestDefinitions>
    <UnitTest name="supportsTypeTest2" storage="c:\users\gerry\documents\github\ef_project\ratemyamenity2\ratemyamenity\csvparsertest\bin\debug\csvparsertest.dll" id="e1252009-4a8c-0eba-c607-bfb1a3f6e85f">
      <Execution id="9d090910-eccc-4d33-b93f-cb3a561117c2" />
      <TestMethod codeBase="C:/Users/Gerry/Documents/GitHub/EF_Project/RateMyAmenity2/RateMyAmenity/CSVParserTest/bin/Debug/CSVParserTest.DLL" adapterTypeName="Microsoft.VisualStudio.TestTools.TestTypes.Unit.UnitTestAdapter, Microsoft.VisualStudio.QualityTools.Tips.UnitTest.Adapter, Version=10.0.0.0, Culture=neutral, PublicKeyToken=b03f5f7f11d50a3a" className="CSVParserTest.CSVParserTest, CSVParserTest, Version=1.0.0.0, Culture=neutral, PublicKeyToken=null" name="supportsTypeTest2" />
    </UnitTest>
    <UnitTest name="CSVParserConstructorTest" storage="c:\users\gerry\documents\github\ef_project\ratemyamenity2\ratemyamenity\csvparsertest\bin\debug\csvparsertest.dll" id="6a236c91-4f56-e5e7-4e69-8b4243ab49ca">
      <Execution id="c911aeb4-8088-4cfb-86a9-53d008cda4e9" />
      <TestMethod codeBase="C:/Users/Gerry/Documents/GitHub/EF_Project/RateMyAmenity2/RateMyAmenity/CSVParserTest/bin/Debug/CSVParserTest.DLL" adapterTypeName="Microsoft.VisualStudio.TestTools.TestTypes.Unit.UnitTestAdapter, Microsoft.VisualStudio.QualityTools.Tips.UnitTest.Adapter, Version=10.0.0.0, Culture=neutral, PublicKeyToken=b03f5f7f11d50a3a" className="CSVParserTest.CSVParserTest, CSVParserTest, Version=1.0.0.0, Culture=neutral, PublicKeyToken=null" name="CSVParserConstructorTest" />
      <AspNet webSiteUrl="http://localhost:57136/">
        <Host pathToWebApp="C:\Users\mcoffey\EF_Project\RateMyAmenity2\RateMyAmenity\RateMyAmenity" webAppRoot="/" />
      </AspNet>
    </UnitTest>
    <UnitTest name="supportsTypeTest1" storage="c:\users\gerry\documents\github\ef_project\ratemyamenity2\ratemyamenity\csvparsertest\bin\debug\csvparsertest.dll" id="705aa877-230b-8f1f-afe4-86fae479dc72">
      <Execution id="1adc67a2-6bb1-4e7a-9bcf-ee7400cce6ed" />
      <TestMethod codeBase="C:/Users/Gerry/Documents/GitHub/EF_Project/RateMyAmenity2/RateMyAmenity/CSVParserTest/bin/Debug/CSVParserTest.DLL" adapterTypeName="Microsoft.VisualStudio.TestTools.TestTypes.Unit.UnitTestAdapter, Microsoft.VisualStudio.QualityTools.Tips.UnitTest.Adapter, Version=10.0.0.0, Culture=neutral, PublicKeyToken=b03f5f7f11d50a3a" className="CSVParserTest.CSVParserTest, CSVParserTest, Version=1.0.0.0, Culture=neutral, PublicKeyToken=null" name="supportsTypeTest1" />
    </UnitTest>
    <UnitTest name="supportsTypeTest3" storage="c:\users\gerry\documents\github\ef_project\ratemyamenity2\ratemyamenity\csvparsertest\bin\debug\csvparsertest.dll" id="42db4b39-5203-7b6a-39b8-2800988ca319">
      <Execution id="52a25c41-f8bc-4b10-97ab-1d55fb06023f" />
      <TestMethod codeBase="C:/Users/Gerry/Documents/GitHub/EF_Project/RateMyAmenity2/RateMyAmenity/CSVParserTest/bin/Debug/CSVParserTest.DLL" adapterTypeName="Microsoft.VisualStudio.TestTools.TestTypes.Unit.UnitTestAdapter, Microsoft.VisualStudio.QualityTools.Tips.UnitTest.Adapter, Version=10.0.0.0, Culture=neutral, PublicKeyToken=b03f5f7f11d50a3a" className="CSVParserTest.CSVParserTest, CSVParserTest, Version=1.0.0.0, Culture=neutral, PublicKeyToken=null" name="supportsTypeTest3" />
    </UnitTest>
    <UnitTest name="parseAmenityTest" storage="c:\users\gerry\documents\github\ef_project\ratemyamenity2\ratemyamenity\csvparsertest\bin\debug\csvparsertest.dll" id="4ec337bb-1073-d5fb-57c0-bb93a94fbb6d">
      <DeploymentItems>
        <DeploymentItem filename="RateMyAmenity.dll" />
      </DeploymentItems>
      <Execution id="d30f6929-99a5-4090-88b1-5aa687eb9af4" />
      <TestMethod codeBase="C:/Users/Gerry/Documents/GitHub/EF_Project/RateMyAmenity2/RateMyAmenity/CSVParserTest/bin/Debug/CSVParserTest.DLL" adapterTypeName="Microsoft.VisualStudio.TestTools.TestTypes.Unit.UnitTestAdapter, Microsoft.VisualStudio.QualityTools.Tips.UnitTest.Adapter, Version=10.0.0.0, Culture=neutral, PublicKeyToken=b03f5f7f11d50a3a" className="CSVParserTest.CSVParserTest, CSVParserTest, Version=1.0.0.0, Culture=neutral, PublicKeyToken=null" name="parseAmenityTest" />
      <AspNet webSiteUrl="http://localhost:57136/">
        <Host pathToWebApp="C:\Users\mcoffey\EF_Project\RateMyAmenity2\RateMyAmenity\RateMyAmenity" webAppRoot="/" />
      </AspNet>
    </UnitTest>
    <UnitTest name="setStreamSourceTest" storage="c:\users\gerry\documents\github\ef_project\ratemyamenity2\ratemyamenity\csvparsertest\bin\debug\csvparsertest.dll" id="cbe7228b-9640-f481-7a05-a1d64c3d6e64">
      <Execution id="f229a452-c1fc-47e1-8391-4e11cb741f33" />
      <TestMethod codeBase="C:/Users/Gerry/Documents/GitHub/EF_Project/RateMyAmenity2/RateMyAmenity/CSVParserTest/bin/Debug/CSVParserTest.DLL" adapterTypeName="Microsoft.VisualStudio.TestTools.TestTypes.Unit.UnitTestAdapter, Microsoft.VisualStudio.QualityTools.Tips.UnitTest.Adapter, Version=10.0.0.0, Culture=neutral, PublicKeyToken=b03f5f7f11d50a3a" className="CSVParserTest.CSVParserTest, CSVParserTest, Version=1.0.0.0, Culture=neutral, PublicKeyToken=null" name="setStreamSourceTest" />
    </UnitTest>
  </TestDefinitions>
  <TestLists>
    <TestList name="Results Not in a List" id="8c84fa94-04c1-424b-9868-57a2d4851a1d" />
    <TestList name="All Loaded Results" id="19431567-8539-422a-85d7-44ee4e166bda" />
  </TestLists>
  <TestEntries>
    <TestEntry testId="42db4b39-5203-7b6a-39b8-2800988ca319" executionId="52a25c41-f8bc-4b10-97ab-1d55fb06023f" testListId="8c84fa94-04c1-424b-9868-57a2d4851a1d" />
    <TestEntry testId="4ec337bb-1073-d5fb-57c0-bb93a94fbb6d" executionId="d30f6929-99a5-4090-88b1-5aa687eb9af4" testListId="8c84fa94-04c1-424b-9868-57a2d4851a1d" />
    <TestEntry testId="6a236c91-4f56-e5e7-4e69-8b4243ab49ca" executionId="c911aeb4-8088-4cfb-86a9-53d008cda4e9" testListId="8c84fa94-04c1-424b-9868-57a2d4851a1d" />
    <TestEntry testId="705aa877-230b-8f1f-afe4-86fae479dc72" executionId="1adc67a2-6bb1-4e7a-9bcf-ee7400cce6ed" testListId="8c84fa94-04c1-424b-9868-57a2d4851a1d" />
    <TestEntry testId="cbe7228b-9640-f481-7a05-a1d64c3d6e64" executionId="f229a452-c1fc-47e1-8391-4e11cb741f33" testListId="8c84fa94-04c1-424b-9868-57a2d4851a1d" />
    <TestEntry testId="e1252009-4a8c-0eba-c607-bfb1a3f6e85f" executionId="9d090910-eccc-4d33-b93f-cb3a561117c2" testListId="8c84fa94-04c1-424b-9868-57a2d4851a1d" />
  </TestEntries>
  <Results>
    <UnitTestResult executionId="52a25c41-f8bc-4b10-97ab-1d55fb06023f" testId="42db4b39-5203-7b6a-39b8-2800988ca319" testName="supportsTypeTest3" computerName="EREBUS" duration="00:00:00.1027999" startTime="2012-07-28T00:04:37.1316472+01:00" endTime="2012-07-28T00:04:38.2704492+01:00" testType="13cdc9d9-ddb5-4fa4-a97d-d965ccfc6d4b" outcome="Failed" testListId="8c84fa94-04c1-424b-9868-57a2d4851a1d" relativeResultsDirectory="52a25c41-f8bc-4b10-97ab-1d55fb06023f">
      <Output>
        <ErrorInfo>
          <Message>Assert.AreEqual failed. Expected:&lt;False&gt;. Actual:&lt;True&gt;. </Message>
          <StackTrace>   at CSVParserTest.CSVParserTest.supportsTypeTest3() in C:\Users\Gerry\Documents\GitHub\EF_Project\RateMyAmenity2\RateMyAmenity\CSVParserTest\CSVParserTest.cs:line 161
</StackTrace>
        </ErrorInfo>
      </Output>
    </UnitTestResult>
    <UnitTestResult executionId="d30f6929-99a5-4090-88b1-5aa687eb9af4" testId="4ec337bb-1073-d5fb-57c0-bb93a94fbb6d" testName="parseAmenityTest" computerName="EREBUS" startTime="2012-07-28T00:04:38.3484493+01:00" endTime="2012-07-28T00:04:38.4264495+01:00" testType="13cdc9d9-ddb5-4fa4-a97d-d965ccfc6d4b" outcome="Failed" testListId="8c84fa94-04c1-424b-9868-57a2d4851a1d" relativeResultsDirectory="d30f6929-99a5-4090-88b1-5aa687eb9af4">
      <Output>
        <ErrorInfo>
          <Message>The Web site path 'C:\Users\mcoffey\EF_Project\RateMyAmenity2\RateMyAmenity\RateMyAmenity' does not exist. Tests configured to run in ASP.NET Development Server must specify a valid path to the Web site. Correct the AspNetDevelopmentServerHost attribute for the test. For more information about ASP.NET unit tests, see "How to: Create an ASP.NET Unit Test" (http://go.microsoft.com/fwlink/?LinkId=62608) and "Testing Web Services" (http://go.microsoft.com/fwlink/?LinkId=62609) in the MSDN Library.</Message>
        </ErrorInfo>
      </Output>
    </UnitTestResult>
    <UnitTestResult executionId="c911aeb4-8088-4cfb-86a9-53d008cda4e9" testId="6a236c91-4f56-e5e7-4e69-8b4243ab49ca" testName="CSVParserConstructorTest" computerName="EREBUS" startTime="2012-07-28T00:04:38.4732496+01:00" endTime="2012-07-28T00:04:38.4888496+01:00" testType="13cdc9d9-ddb5-4fa4-a97d-d965ccfc6d4b" outcome="Failed" testListId="8c84fa94-04c1-424b-9868-57a2d4851a1d" relativeResultsDirectory="c911aeb4-8088-4cfb-86a9-53d008cda4e9">
      <Output>
        <ErrorInfo>
          <Message>The Web site path 'C:\Users\mcoffey\EF_Project\RateMyAmenity2\RateMyAmenity\RateMyAmenity' does not exist. Tests configured to run in ASP.NET Development Server must specify a valid path to the Web site. Correct the AspNetDevelopmentServerHost attribute for the test. For more information about ASP.NET unit tests, see "How to: Create an ASP.NET Unit Test" (http://go.microsoft.com/fwlink/?LinkId=62608) and "Testing Web Services" (http://go.microsoft.com/fwlink/?LinkId=62609) in the MSDN Library.</Message>
        </ErrorInfo>
      </Output>
    </UnitTestResult>
    <UnitTestResult executionId="1adc67a2-6bb1-4e7a-9bcf-ee7400cce6ed" testId="705aa877-230b-8f1f-afe4-86fae479dc72" testName="supportsTypeTest1" computerName="EREBUS" duration="00:00:00.0024265" startTime="2012-07-28T00:04:38.5512497+01:00" endTime="2012-07-28T00:04:38.7228500+01:00" testType="13cdc9d9-ddb5-4fa4-a97d-d965ccfc6d4b" outcome="Passed" testListId="8c84fa94-04c1-424b-9868-57a2d4851a1d" relativeResultsDirectory="1adc67a2-6bb1-4e7a-9bcf-ee7400cce6ed">
    </UnitTestResult>
    <UnitTestResult executionId="f229a452-c1fc-47e1-8391-4e11cb741f33" testId="cbe7228b-9640-f481-7a05-a1d64c3d6e64" testName="setStreamSourceTest" computerName="EREBUS" duration="00:00:00.0269744" startTime="2012-07-28T00:04:38.7540501+01:00" endTime="2012-07-28T00:04:38.8476502+01:00" testType="13cdc9d9-ddb5-4fa4-a97d-d965ccfc6d4b" outcome="Failed" testListId="8c84fa94-04c1-424b-9868-57a2d4851a1d" relativeResultsDirectory="f229a452-c1fc-47e1-8391-4e11cb741f33">
      <Output>
        <ErrorInfo>
          <Message>Test method CSVParserTest.CSVParserTest.setStreamSourceTest threw exception: 
System.IO.DirectoryNotFoundException: Could not find a part of the path 'C:\Users\mcoffey\EF_Project\RateMyAmenity2\RateMyAmenity\RateMyAmenity\Content\ArtCentres.csv'.</Message>
          <StackTrace>    at System.IO.__Error.WinIOError(Int32 errorCode, String maybeFullPath)
   at System.IO.FileStream.Init(String path, FileMode mode, FileAccess access, Int32 rights, Boolean useRights, FileShare share, Int32 bufferSize, FileOptions options, SECURITY_ATTRIBUTES secAttrs, String msgPath, Boolean bFromProxy, Boolean useLongPath)
   at System.IO.FileStream..ctor(String path, FileMode mode, FileAccess access, FileShare share, Int32 bufferSize, FileOptions options)
   at System.IO.StreamReader..ctor(String path, Encoding encoding, Boolean detectEncodingFromByteOrderMarks, Int32 bufferSize)
   at System.IO.StreamReader..ctor(String path, Boolean detectEncodingFromByteOrderMarks)
   at CSVParserTest.CSVParserTest.setStreamSourceTest() in C:\Users\Gerry\Documents\GitHub\EF_Project\RateMyAmenity2\RateMyAmenity\CSVParserTest\CSVParserTest.cs:line 109
</StackTrace>
        </ErrorInfo>
      </Output>
    </UnitTestResult>
    <UnitTestResult executionId="9d090910-eccc-4d33-b93f-cb3a561117c2" testId="e1252009-4a8c-0eba-c607-bfb1a3f6e85f" testName="supportsTypeTest2" computerName="EREBUS" duration="00:00:00.0090535" startTime="2012-07-28T00:04:38.8788503+01:00" endTime="2012-07-28T00:04:38.9568504+01:00" testType="13cdc9d9-ddb5-4fa4-a97d-d965ccfc6d4b" outcome="Passed" testListId="8c84fa94-04c1-424b-9868-57a2d4851a1d" relativeResultsDirectory="9d090910-eccc-4d33-b93f-cb3a561117c2">
    </UnitTestResult>
  </Results>
</TestRun>